2025-04-30 11:27:35 - Starting SensorprocessorApplicationTests using Java 17.0.11 with PID 7176 (started by jorrado in C:\Users\jorrado\GitLabProject\Sensor_Management_App)
2025-04-30 11:27:35 - No active profile set, falling back to 1 default profile: "default"
2025-04-30 11:27:35 - Refreshing org.springframework.web.context.support.GenericWebApplicationContext@63a5d002
2025-04-30 11:27:36 - HikariPool-1 - Starting...
2025-04-30 11:27:37 - HikariPool-1 - Added connection org.sqlite.jdbc4.JDBC4Connection@2efd2f21
2025-04-30 11:27:37 - HikariPool-1 - Start completed.
2025-04-30 11:27:37 - Global AuthenticationManager configured with UserDetailsService bean with name customUserDetailsService
2025-04-30 11:27:37 - 15 mappings in 'requestMappingHandlerMapping'
2025-04-30 11:27:37 - Patterns [/webjars/**, /**] in 'resourceHandlerMapping'
2025-04-30 11:27:38 - ControllerAdvice beans: 0 @ModelAttribute, 0 @InitBinder, 1 RequestBodyAdvice, 1 ResponseBodyAdvice
2025-04-30 11:27:38 - ControllerAdvice beans: 0 @ExceptionHandler, 1 ResponseBodyAdvice
2025-04-30 11:27:38 - Started SensorprocessorApplicationTests in 3.323 seconds (process running for 4.233)
2025-04-30 11:27:39 - Closing org.springframework.web.context.support.GenericWebApplicationContext@63a5d002, started on Wed Apr 30 11:27:35 CEST 2025
2025-04-30 11:27:39 - HikariPool-1 - Shutdown initiated...
2025-04-30 11:27:39 - HikariPool-1 - Shutdown completed.
2025-04-30 11:28:48 - Starting SensorprocessorApplicationTests using Java 17.0.11 with PID 23308 (started by jorrado in C:\Users\jorrado\GitLabProject\Sensor_Management_App)
2025-04-30 11:28:48 - No active profile set, falling back to 1 default profile: "default"
2025-04-30 11:28:48 - Refreshing org.springframework.web.context.support.GenericWebApplicationContext@63a5d002
2025-04-30 11:28:49 - HikariPool-1 - Starting...
2025-04-30 11:28:49 - HikariPool-1 - Added connection org.sqlite.jdbc4.JDBC4Connection@4a9a878
2025-04-30 11:28:49 - HikariPool-1 - Start completed.
2025-04-30 11:28:49 - Global AuthenticationManager configured with UserDetailsService bean with name customUserDetailsService
2025-04-30 11:28:50 - 15 mappings in 'requestMappingHandlerMapping'
2025-04-30 11:28:50 - Patterns [/webjars/**, /**] in 'resourceHandlerMapping'
2025-04-30 11:28:50 - ControllerAdvice beans: 0 @ModelAttribute, 0 @InitBinder, 1 RequestBodyAdvice, 1 ResponseBodyAdvice
2025-04-30 11:28:50 - ControllerAdvice beans: 0 @ExceptionHandler, 1 ResponseBodyAdvice
2025-04-30 11:28:50 - Started SensorprocessorApplicationTests in 3.134 seconds (process running for 3.998)
2025-04-30 11:28:51 - Closing org.springframework.web.context.support.GenericWebApplicationContext@63a5d002, started on Wed Apr 30 11:28:48 CEST 2025
2025-04-30 11:28:51 - HikariPool-1 - Shutdown initiated...
2025-04-30 11:28:51 - HikariPool-1 - Shutdown completed.
2025-04-30 11:32:25 - Starting SensorprocessorApplicationTests using Java 17.0.11 with PID 20548 (started by jorrado in C:\Users\jorrado\GitLabProject\Sensor_Management_App)
2025-04-30 11:32:25 - No active profile set, falling back to 1 default profile: "default"
2025-04-30 11:32:25 - Refreshing org.springframework.web.context.support.GenericWebApplicationContext@63a5d002
2025-04-30 11:32:26 - HikariPool-1 - Starting...
2025-04-30 11:32:26 - HikariPool-1 - Added connection org.sqlite.jdbc4.JDBC4Connection@1b7f06c7
2025-04-30 11:32:26 - HikariPool-1 - Start completed.
2025-04-30 11:32:27 - Global AuthenticationManager configured with UserDetailsService bean with name customUserDetailsService
2025-04-30 11:32:27 - 15 mappings in 'requestMappingHandlerMapping'
2025-04-30 11:32:27 - Patterns [/webjars/**, /**] in 'resourceHandlerMapping'
2025-04-30 11:32:27 - ControllerAdvice beans: 0 @ModelAttribute, 0 @InitBinder, 1 RequestBodyAdvice, 1 ResponseBodyAdvice
2025-04-30 11:32:27 - ControllerAdvice beans: 0 @ExceptionHandler, 1 ResponseBodyAdvice
2025-04-30 11:32:28 - Started SensorprocessorApplicationTests in 2.879 seconds (process running for 3.75)
2025-04-30 11:32:28 - Closing org.springframework.web.context.support.GenericWebApplicationContext@63a5d002, started on Wed Apr 30 11:32:25 CEST 2025
2025-04-30 11:32:28 - HikariPool-1 - Shutdown initiated...
2025-04-30 11:32:28 - HikariPool-1 - Shutdown completed.
